<?xml version="1.0" encoding="UTF-8"?>
<!-- Generated by org.testng.reporters.JUnitReportReporter -->
<testsuite skipped="0" hostname="DSK-0062" name="gissOnline.Main" tests="6" failures="0" timestamp="25 jul 2017 13:06:22 GMT" time="68.820" errors="0">
  <testcase name="test3_validaConteudoPrestadorEmitirNota" time="13.862" classname="gissOnline.Main"/>
  <testcase name="test2_validaConteudoMenu" time="13.161" classname="gissOnline.Main"/>
  <testcase name="test5_validaConteudoPrestadorConsultarNotaPeriodo" time="10.217" classname="gissOnline.Main"/>
  <testcase name="test4_validaConteudoPrestadorConsultarNotaIntervalodeNotas" time="11.445" classname="gissOnline.Main"/>
  <testcase name="test1_menuAcess" time="9.496" classname="gissOnline.Main"/>
  <testcase name="test7_validaConteudoTomadorEmissaoNota" time="10.639" classname="gissOnline.Main"/>
</testsuite> <!-- gissOnline.Main -->
